<?xml version="1.0" encoding="UTF-8"?>
<!-- Generated by org.testng.reporters.JUnitReportReporter -->
<testsuite hostname="LAPTOP-K1MJ6LRE" failures="0" tests="2" name="TestNG_Package.TestdataproviderTest" time="0.011" errors="0" timestamp="2024-12-09T13:14:39 IST" skipped="0">
  <testcase classname="TestNG_Package.TestdataproviderTest" name="f" time="0.003"/>
  <testcase classname="TestNG_Package.TestdataproviderTest" name="f" time="0.008"/>
</testsuite> <!-- TestNG_Package.TestdataproviderTest -->
