<?xml version="1.0" encoding="UTF-8"?>
<!-- Generated by org.testng.reporters.JUnitReportReporter -->
<testsuite hostname="LAPTOP-K1MJ6LRE" failures="0" tests="1" name="TestNG_Package.Testcaae3" time="3.195" errors="0" timestamp="2024-12-09T21:37:48 IST" skipped="0">
  <testcase classname="TestNG_Package.Testcaae3" name="testinvalidlogin" time="3.195"/>
</testsuite> <!-- TestNG_Package.Testcaae3 -->
